2018-01-22 at 14:22:10 CST INFO  org.springframework.test.context.support.AbstractTestContextBootstrapper 319 buildDefaultMergedContextConfiguration - Neither @ContextConfiguration nor @ContextHierarchy found for test class [com.jackfrank.JackfrankApplicationTests], using SpringBootContextLoader
2018-01-22 at 14:22:10 CST INFO  org.springframework.test.context.support.AbstractContextLoader 264 generateDefaultLocations - Could not detect default resource locations for test class [com.jackfrank.JackfrankApplicationTests]: no resource found for suffixes {-context.xml, Context.groovy}.
2018-01-22 at 14:22:10 CST INFO  org.springframework.test.context.support.AnnotationConfigContextLoaderUtils 81 detectDefaultConfigurationClasses - Could not detect default configuration classes for test class [com.jackfrank.JackfrankApplicationTests]: JackfrankApplicationTests does not declare any static, non-private, non-final, nested classes annotated with @Configuration.
2018-01-22 at 14:22:10 CST INFO  org.springframework.boot.test.context.SpringBootTestContextBootstrapper 206 getOrFindConfigurationClasses - Found @SpringBootConfiguration com.jackfrank.Application for test class com.jackfrank.JackfrankApplicationTests
2018-01-22 at 14:22:10 CST INFO  org.springframework.test.context.support.AbstractTestContextBootstrapper 260 getDefaultTestExecutionListenerClassNames - Loaded default TestExecutionListener class names from location [META-INF/spring.factories]: [org.springframework.boot.test.mock.mockito.MockitoTestExecutionListener, org.springframework.boot.test.mock.mockito.ResetMocksTestExecutionListener, org.springframework.boot.test.autoconfigure.restdocs.RestDocsTestExecutionListener, org.springframework.boot.test.autoconfigure.web.client.MockRestServiceServerResetTestExecutionListener, org.springframework.boot.test.autoconfigure.web.servlet.MockMvcPrintOnlyOnFailureTestExecutionListener, org.springframework.boot.test.autoconfigure.web.servlet.WebDriverTestExecutionListener, org.springframework.test.context.web.ServletTestExecutionListener, org.springframework.test.context.support.DirtiesContextBeforeModesTestExecutionListener, org.springframework.test.context.support.DependencyInjectionTestExecutionListener, org.springframework.test.context.support.DirtiesContextTestExecutionListener, org.springframework.test.context.transaction.TransactionalTestExecutionListener, org.springframework.test.context.jdbc.SqlScriptsTestExecutionListener, org.springframework.security.test.context.support.WithSecurityContextTestExecutionListener]
2018-01-22 at 14:22:10 CST INFO  org.springframework.test.context.support.AbstractTestContextBootstrapper 187 getTestExecutionListeners - Using TestExecutionListeners: [org.springframework.test.context.web.ServletTestExecutionListener@673fdbce, org.springframework.test.context.support.DirtiesContextBeforeModesTestExecutionListener@5965d37, org.springframework.boot.test.autoconfigure.SpringBootDependencyInjectionTestExecutionListener@7a5ceedd, org.springframework.test.context.support.DirtiesContextTestExecutionListener@4201c465, org.springframework.test.context.transaction.TransactionalTestExecutionListener@5b799640, org.springframework.test.context.jdbc.SqlScriptsTestExecutionListener@6cb107fd, org.springframework.security.test.context.support.WithSecurityContextTestExecutionListener@710636b0, org.springframework.boot.test.autoconfigure.web.servlet.MockMvcPrintOnlyOnFailureTestExecutionListener@3de8f619, org.springframework.boot.test.autoconfigure.restdocs.RestDocsTestExecutionListener@2ab4bc72, org.springframework.boot.test.mock.mockito.MockitoTestExecutionListener@4e5ed836, org.springframework.boot.test.autoconfigure.web.client.MockRestServiceServerResetTestExecutionListener@eadd4fb, org.springframework.boot.test.mock.mockito.ResetMocksTestExecutionListener@740fb309, org.springframework.boot.test.autoconfigure.web.servlet.WebDriverTestExecutionListener@7bd7d6d6]
2018-01-22 at 14:22:10 CST INFO  org.springframework.test.context.support.AbstractTestContextBootstrapper 319 buildDefaultMergedContextConfiguration - Neither @ContextConfiguration nor @ContextHierarchy found for test class [com.jackfrank.JackfrankApplicationTests], using SpringBootContextLoader
2018-01-22 at 14:22:10 CST INFO  org.springframework.test.context.support.AbstractContextLoader 264 generateDefaultLocations - Could not detect default resource locations for test class [com.jackfrank.JackfrankApplicationTests]: no resource found for suffixes {-context.xml, Context.groovy}.
2018-01-22 at 14:22:10 CST INFO  org.springframework.test.context.support.AnnotationConfigContextLoaderUtils 81 detectDefaultConfigurationClasses - Could not detect default configuration classes for test class [com.jackfrank.JackfrankApplicationTests]: JackfrankApplicationTests does not declare any static, non-private, non-final, nested classes annotated with @Configuration.
2018-01-22 at 14:22:10 CST INFO  org.springframework.boot.test.context.SpringBootTestContextBootstrapper 206 getOrFindConfigurationClasses - Found @SpringBootConfiguration com.jackfrank.Application for test class com.jackfrank.JackfrankApplicationTests
2018-01-22 at 14:22:10 CST INFO  org.springframework.test.context.support.AbstractTestContextBootstrapper 260 getDefaultTestExecutionListenerClassNames - Loaded default TestExecutionListener class names from location [META-INF/spring.factories]: [org.springframework.boot.test.mock.mockito.MockitoTestExecutionListener, org.springframework.boot.test.mock.mockito.ResetMocksTestExecutionListener, org.springframework.boot.test.autoconfigure.restdocs.RestDocsTestExecutionListener, org.springframework.boot.test.autoconfigure.web.client.MockRestServiceServerResetTestExecutionListener, org.springframework.boot.test.autoconfigure.web.servlet.MockMvcPrintOnlyOnFailureTestExecutionListener, org.springframework.boot.test.autoconfigure.web.servlet.WebDriverTestExecutionListener, org.springframework.test.context.web.ServletTestExecutionListener, org.springframework.test.context.support.DirtiesContextBeforeModesTestExecutionListener, org.springframework.test.context.support.DependencyInjectionTestExecutionListener, org.springframework.test.context.support.DirtiesContextTestExecutionListener, org.springframework.test.context.transaction.TransactionalTestExecutionListener, org.springframework.test.context.jdbc.SqlScriptsTestExecutionListener, org.springframework.security.test.context.support.WithSecurityContextTestExecutionListener]
2018-01-22 at 14:22:10 CST INFO  org.springframework.test.context.support.AbstractTestContextBootstrapper 187 getTestExecutionListeners - Using TestExecutionListeners: [org.springframework.test.context.web.ServletTestExecutionListener@7fb4f2a9, org.springframework.test.context.support.DirtiesContextBeforeModesTestExecutionListener@4dc27487, org.springframework.boot.test.autoconfigure.SpringBootDependencyInjectionTestExecutionListener@6a4f1a55, org.springframework.test.context.support.DirtiesContextTestExecutionListener@7dfd3c81, org.springframework.test.context.transaction.TransactionalTestExecutionListener@2584b82d, org.springframework.test.context.jdbc.SqlScriptsTestExecutionListener@7bbc8656, org.springframework.security.test.context.support.WithSecurityContextTestExecutionListener@6933b6c6, org.springframework.boot.test.autoconfigure.web.servlet.MockMvcPrintOnlyOnFailureTestExecutionListener@7d3e8655, org.springframework.boot.test.autoconfigure.restdocs.RestDocsTestExecutionListener@7dfb0c0f, org.springframework.boot.test.mock.mockito.MockitoTestExecutionListener@626abbd0, org.springframework.boot.test.autoconfigure.web.client.MockRestServiceServerResetTestExecutionListener@169bb4dd, org.springframework.boot.test.mock.mockito.ResetMocksTestExecutionListener@1f9e9475, org.springframework.boot.test.autoconfigure.web.servlet.WebDriverTestExecutionListener@3aa078fd]
2018-01-22 at 14:22:10 CST INFO  org.springframework.boot.StartupInfoLogger 48 logStarting - Starting JackfrankApplicationTests on Jack-Frank with PID 4501 (started by jack in /home/jack/SpringStudy/backserver)
2018-01-22 at 14:22:10 CST INFO  org.springframework.boot.SpringApplication 593 logStartupProfileInfo - No active profile set, falling back to default profiles: default
2018-01-22 at 14:22:10 CST INFO  org.springframework.context.support.AbstractApplicationContext 583 prepareRefresh - Refreshing org.springframework.web.context.support.GenericWebApplicationContext@2e6a5539: startup date [Mon Jan 22 14:22:10 CST 2018]; root of context hierarchy
2018-01-22 at 14:22:10 CST INFO  org.hibernate.validator.internal.util.Version 30 <clinit> - HV000001: Hibernate Validator 5.3.5.Final
2018-01-22 at 14:22:12 CST INFO  org.springframework.orm.jpa.LocalContainerEntityManagerFactoryBean 349 createNativeEntityManagerFactory - Building JPA container EntityManagerFactory for persistence unit 'default'
2018-01-22 at 14:22:12 CST INFO  org.hibernate.jpa.internal.util.LogHelper 31 logPersistenceUnitInformation - HHH000204: Processing PersistenceUnitInfo [
	name: default
	...]
2018-01-22 at 14:22:12 CST INFO  org.hibernate.Version 37 logVersion - HHH000412: Hibernate Core {5.0.12.Final}
2018-01-22 at 14:22:12 CST INFO  org.hibernate.cfg.Environment 213 <clinit> - HHH000206: hibernate.properties not found
2018-01-22 at 14:22:12 CST INFO  org.hibernate.cfg.Environment 317 buildBytecodeProvider - HHH000021: Bytecode provider name : javassist
2018-01-22 at 14:22:12 CST INFO  org.hibernate.annotations.common.reflection.java.JavaReflectionManager 66 <clinit> - HCANN000001: Hibernate Commons Annotations {5.0.1.Final}
2018-01-22 at 14:22:12 CST INFO  org.hibernate.dialect.Dialect 156 <init> - HHH000400: Using dialect: org.hibernate.dialect.MySQL5Dialect
2018-01-22 at 14:22:12 CST INFO  org.hibernate.tool.hbm2ddl.SchemaUpdate 105 execute - HHH000228: Running hbm2ddl schema update
2018-01-22 at 14:22:12 CST INFO  org.springframework.orm.jpa.AbstractEntityManagerFactoryBean 379 buildNativeEntityManagerFactory - Initialized JPA EntityManagerFactory for persistence unit 'default'
2018-01-22 at 14:22:13 CST INFO  org.hibernate.hql.internal.QueryTranslatorFactoryInitiator 47 initiateService - HHH000397: Using ASTQueryTranslatorFactory
2018-01-22 at 14:22:13 CST INFO  org.springframework.security.web.DefaultSecurityFilterChain 43 <init> - Creating filter chain: org.springframework.security.web.util.matcher.AnyRequestMatcher@1, [org.springframework.security.web.context.request.async.WebAsyncManagerIntegrationFilter@300a38e7, org.springframework.security.web.context.SecurityContextPersistenceFilter@cdbe995, org.springframework.security.web.header.HeaderWriterFilter@379f9555, org.springframework.security.web.authentication.logout.LogoutFilter@7dd91ffc, org.springframework.security.web.authentication.UsernamePasswordAuthenticationFilter@7cd1ec54, org.springframework.security.web.savedrequest.RequestCacheAwareFilter@374b6e33, org.springframework.security.web.servletapi.SecurityContextHolderAwareRequestFilter@3688baab, org.springframework.security.web.authentication.AnonymousAuthenticationFilter@5c9a4f3b, org.springframework.security.web.session.SessionManagementFilter@166ce247, org.springframework.security.web.access.ExceptionTranslationFilter@7bfa1eb5, org.springframework.security.web.access.intercept.FilterSecurityInterceptor@5408d4b3]
2018-01-22 at 14:22:13 CST INFO  org.springframework.web.servlet.mvc.method.annotation.RequestMappingHandlerAdapter 534 initControllerAdviceCache - Looking for @ControllerAdvice: org.springframework.web.context.support.GenericWebApplicationContext@2e6a5539: startup date [Mon Jan 22 14:22:10 CST 2018]; root of context hierarchy
2018-01-22 at 14:22:13 CST INFO  org.springframework.web.servlet.handler.AbstractHandlerMethodMapping$MappingRegistry 543 register - Mapped "{[/expenses/analysis],methods=[GET]}" onto public org.springframework.http.ResponseEntity com.jackfrank.controller.ExpensesController.analysis(java.lang.String,java.lang.String,org.springframework.ui.Model)
2018-01-22 at 14:22:13 CST INFO  org.springframework.web.servlet.handler.AbstractHandlerMethodMapping$MappingRegistry 543 register - Mapped "{[/expenses/create],methods=[POST],produces=[application/json]}" onto public org.springframework.http.ResponseEntity<?> com.jackfrank.controller.ExpensesController.persistExpense(com.jackfrank.form.ExpensesForm)
2018-01-22 at 14:22:13 CST INFO  org.springframework.web.servlet.handler.AbstractHandlerMethodMapping$MappingRegistry 543 register - Mapped "{[/expenses/remove/{id}],methods=[DELETE]}" onto public org.springframework.http.ResponseEntity com.jackfrank.controller.ExpensesController.removeExpense(java.lang.Long,org.springframework.ui.Model)
2018-01-22 at 14:22:13 CST INFO  org.springframework.web.servlet.handler.AbstractHandlerMethodMapping$MappingRegistry 543 register - Mapped "{[/expenses/list],methods=[GET]}" onto public org.springframework.http.ResponseEntity<?> com.jackfrank.controller.ExpensesController.listExpense(java.util.Map<java.lang.String, java.lang.String>,org.springframework.ui.Model)
2018-01-22 at 14:22:13 CST INFO  org.springframework.web.servlet.handler.AbstractHandlerMethodMapping$MappingRegistry 543 register - Mapped "{[/error],produces=[text/html]}" onto public org.springframework.web.servlet.ModelAndView org.springframework.boot.autoconfigure.web.BasicErrorController.errorHtml(javax.servlet.http.HttpServletRequest,javax.servlet.http.HttpServletResponse)
2018-01-22 at 14:22:14 CST INFO  org.springframework.web.servlet.handler.AbstractHandlerMethodMapping$MappingRegistry 543 register - Mapped "{[/error]}" onto public org.springframework.http.ResponseEntity<java.util.Map<java.lang.String, java.lang.Object>> org.springframework.boot.autoconfigure.web.BasicErrorController.error(javax.servlet.http.HttpServletRequest)
2018-01-22 at 14:22:14 CST INFO  org.springframework.web.servlet.handler.AbstractUrlHandlerMapping 349 registerHandler - Root mapping to handler of type [class org.springframework.web.servlet.mvc.ParameterizableViewController]
2018-01-22 at 14:22:14 CST INFO  org.springframework.web.servlet.handler.AbstractUrlHandlerMapping 362 registerHandler - Mapped URL path [/login] onto handler of type [class org.springframework.web.servlet.mvc.ParameterizableViewController]
2018-01-22 at 14:22:14 CST INFO  org.springframework.web.servlet.handler.AbstractUrlHandlerMapping 362 registerHandler - Mapped URL path [/webjars/**] onto handler of type [class org.springframework.web.servlet.resource.ResourceHttpRequestHandler]
2018-01-22 at 14:22:14 CST INFO  org.springframework.web.servlet.handler.AbstractUrlHandlerMapping 362 registerHandler - Mapped URL path [/**] onto handler of type [class org.springframework.web.servlet.resource.ResourceHttpRequestHandler]
2018-01-22 at 14:22:14 CST INFO  org.springframework.web.servlet.handler.AbstractUrlHandlerMapping 362 registerHandler - Mapped URL path [/**/favicon.ico] onto handler of type [class org.springframework.web.servlet.resource.ResourceHttpRequestHandler]
2018-01-22 at 14:22:14 CST INFO  org.springframework.boot.autoconfigure.web.WebMvcAutoConfiguration$WelcomePageHandlerMapping 549 <init> - Adding welcome page: ServletContext resource [/index.html]
2018-01-22 at 14:22:14 CST INFO  org.springframework.boot.StartupInfoLogger 57 logStarted - Started JackfrankApplicationTests in 4.28 seconds (JVM running for 4.989)
2018-01-22 at 14:22:21 CST INFO  org.hibernate.validator.internal.util.Version 30 <clinit> - HV000001: Hibernate Validator 5.3.5.Final
2018-01-22 at 14:22:21 CST INFO  org.springframework.context.support.AbstractApplicationContext 583 prepareRefresh - Refreshing org.springframework.boot.context.embedded.AnnotationConfigEmbeddedWebApplicationContext@c1d3ef5: startup date [Mon Jan 22 14:22:21 CST 2018]; root of context hierarchy
2018-01-22 at 14:22:23 CST INFO  org.springframework.boot.context.embedded.tomcat.TomcatEmbeddedServletContainer 89 initialize - Tomcat initialized with port(s): 8092 (http)
2018-01-22 at 14:22:23 CST INFO  org.apache.juli.logging.DirectJDKLog 179 log - Starting service [Tomcat]
2018-01-22 at 14:22:23 CST INFO  org.apache.juli.logging.DirectJDKLog 179 log - Starting Servlet Engine: Apache Tomcat/8.5.16
2018-01-22 at 14:22:23 CST INFO  org.apache.juli.logging.DirectJDKLog 179 log - Initializing Spring embedded WebApplicationContext
2018-01-22 at 14:22:23 CST INFO  org.springframework.boot.context.embedded.EmbeddedWebApplicationContext 276 prepareEmbeddedWebApplicationContext - Root WebApplicationContext: initialization completed in 1752 ms
2018-01-22 at 14:22:23 CST INFO  org.springframework.boot.web.servlet.AbstractFilterRegistrationBean 258 configure - Mapping filter: 'characterEncodingFilter' to: [/*]
2018-01-22 at 14:22:23 CST INFO  org.springframework.boot.web.servlet.AbstractFilterRegistrationBean 258 configure - Mapping filter: 'hiddenHttpMethodFilter' to: [/*]
2018-01-22 at 14:22:23 CST INFO  org.springframework.boot.web.servlet.AbstractFilterRegistrationBean 258 configure - Mapping filter: 'httpPutFormContentFilter' to: [/*]
2018-01-22 at 14:22:23 CST INFO  org.springframework.boot.web.servlet.AbstractFilterRegistrationBean 258 configure - Mapping filter: 'requestContextFilter' to: [/*]
2018-01-22 at 14:22:23 CST INFO  org.springframework.boot.web.servlet.AbstractFilterRegistrationBean 258 configure - Mapping filter: 'springSecurityFilterChain' to: [/*]
2018-01-22 at 14:22:23 CST INFO  org.springframework.boot.web.servlet.ServletRegistrationBean 190 onStartup - Mapping servlet: 'dispatcherServlet' to [/]
2018-01-22 at 14:22:23 CST INFO  org.springframework.orm.jpa.LocalContainerEntityManagerFactoryBean 349 createNativeEntityManagerFactory - Building JPA container EntityManagerFactory for persistence unit 'default'
2018-01-22 at 14:22:23 CST INFO  org.hibernate.jpa.internal.util.LogHelper 31 logPersistenceUnitInformation - HHH000204: Processing PersistenceUnitInfo [
	name: default
	...]
2018-01-22 at 14:22:23 CST INFO  org.hibernate.Version 37 logVersion - HHH000412: Hibernate Core {5.0.12.Final}
2018-01-22 at 14:22:23 CST INFO  org.hibernate.cfg.Environment 213 <clinit> - HHH000206: hibernate.properties not found
2018-01-22 at 14:22:23 CST INFO  org.hibernate.cfg.Environment 317 buildBytecodeProvider - HHH000021: Bytecode provider name : javassist
2018-01-22 at 14:22:24 CST INFO  org.hibernate.annotations.common.reflection.java.JavaReflectionManager 66 <clinit> - HCANN000001: Hibernate Commons Annotations {5.0.1.Final}
2018-01-22 at 14:22:24 CST INFO  org.hibernate.dialect.Dialect 156 <init> - HHH000400: Using dialect: org.hibernate.dialect.MySQL5Dialect
2018-01-22 at 14:22:24 CST INFO  org.hibernate.tool.hbm2ddl.SchemaUpdate 105 execute - HHH000228: Running hbm2ddl schema update
2018-01-22 at 14:22:24 CST INFO  org.springframework.orm.jpa.AbstractEntityManagerFactoryBean 379 buildNativeEntityManagerFactory - Initialized JPA EntityManagerFactory for persistence unit 'default'
2018-01-22 at 14:22:24 CST INFO  org.hibernate.hql.internal.QueryTranslatorFactoryInitiator 47 initiateService - HHH000397: Using ASTQueryTranslatorFactory
2018-01-22 at 14:22:25 CST INFO  org.springframework.security.web.DefaultSecurityFilterChain 43 <init> - Creating filter chain: org.springframework.security.web.util.matcher.AnyRequestMatcher@1, [org.springframework.security.web.context.request.async.WebAsyncManagerIntegrationFilter@4e718999, org.springframework.security.web.context.SecurityContextPersistenceFilter@e048dae, org.springframework.security.web.header.HeaderWriterFilter@4993074f, org.springframework.security.web.authentication.logout.LogoutFilter@7beb5235, org.springframework.security.web.authentication.UsernamePasswordAuthenticationFilter@7f52b31e, org.springframework.security.web.savedrequest.RequestCacheAwareFilter@6ad436ea, org.springframework.security.web.servletapi.SecurityContextHolderAwareRequestFilter@65e4d1f, org.springframework.security.web.authentication.AnonymousAuthenticationFilter@150667b8, org.springframework.security.web.session.SessionManagementFilter@125aab02, org.springframework.security.web.access.ExceptionTranslationFilter@7cf20794, org.springframework.security.web.access.intercept.FilterSecurityInterceptor@1ce81f9d]
2018-01-22 at 14:22:25 CST INFO  org.springframework.web.servlet.mvc.method.annotation.RequestMappingHandlerAdapter 534 initControllerAdviceCache - Looking for @ControllerAdvice: org.springframework.boot.context.embedded.AnnotationConfigEmbeddedWebApplicationContext@c1d3ef5: startup date [Mon Jan 22 14:22:21 CST 2018]; root of context hierarchy
2018-01-22 at 14:22:25 CST INFO  org.springframework.web.servlet.handler.AbstractHandlerMethodMapping$MappingRegistry 543 register - Mapped "{[/expenses/create],methods=[POST],produces=[application/json]}" onto public org.springframework.http.ResponseEntity<?> com.jackfrank.controller.ExpensesController.persistExpense(com.jackfrank.form.ExpensesForm)
2018-01-22 at 14:22:25 CST INFO  org.springframework.web.servlet.handler.AbstractHandlerMethodMapping$MappingRegistry 543 register - Mapped "{[/expenses/remove/{id}],methods=[DELETE]}" onto public org.springframework.http.ResponseEntity com.jackfrank.controller.ExpensesController.removeExpense(java.lang.Long,org.springframework.ui.Model)
2018-01-22 at 14:22:25 CST INFO  org.springframework.web.servlet.handler.AbstractHandlerMethodMapping$MappingRegistry 543 register - Mapped "{[/expenses/list],methods=[GET]}" onto public org.springframework.http.ResponseEntity<?> com.jackfrank.controller.ExpensesController.listExpense(java.util.Map<java.lang.String, java.lang.String>,org.springframework.ui.Model)
2018-01-22 at 14:22:25 CST INFO  org.springframework.web.servlet.handler.AbstractHandlerMethodMapping$MappingRegistry 543 register - Mapped "{[/expenses/analysis],methods=[GET]}" onto public org.springframework.http.ResponseEntity com.jackfrank.controller.ExpensesController.analysis(java.lang.String,java.lang.String,org.springframework.ui.Model)
2018-01-22 at 14:22:25 CST INFO  org.springframework.web.servlet.handler.AbstractHandlerMethodMapping$MappingRegistry 543 register - Mapped "{[/error],produces=[text/html]}" onto public org.springframework.web.servlet.ModelAndView org.springframework.boot.autoconfigure.web.BasicErrorController.errorHtml(javax.servlet.http.HttpServletRequest,javax.servlet.http.HttpServletResponse)
2018-01-22 at 14:22:25 CST INFO  org.springframework.web.servlet.handler.AbstractHandlerMethodMapping$MappingRegistry 543 register - Mapped "{[/error]}" onto public org.springframework.http.ResponseEntity<java.util.Map<java.lang.String, java.lang.Object>> org.springframework.boot.autoconfigure.web.BasicErrorController.error(javax.servlet.http.HttpServletRequest)
2018-01-22 at 14:22:25 CST INFO  org.springframework.web.servlet.handler.AbstractUrlHandlerMapping 349 registerHandler - Root mapping to handler of type [class org.springframework.web.servlet.mvc.ParameterizableViewController]
2018-01-22 at 14:22:25 CST INFO  org.springframework.web.servlet.handler.AbstractUrlHandlerMapping 362 registerHandler - Mapped URL path [/login] onto handler of type [class org.springframework.web.servlet.mvc.ParameterizableViewController]
2018-01-22 at 14:22:25 CST INFO  org.springframework.web.servlet.handler.AbstractUrlHandlerMapping 362 registerHandler - Mapped URL path [/webjars/**] onto handler of type [class org.springframework.web.servlet.resource.ResourceHttpRequestHandler]
2018-01-22 at 14:22:25 CST INFO  org.springframework.web.servlet.handler.AbstractUrlHandlerMapping 362 registerHandler - Mapped URL path [/**] onto handler of type [class org.springframework.web.servlet.resource.ResourceHttpRequestHandler]
2018-01-22 at 14:22:25 CST INFO  org.springframework.web.servlet.handler.AbstractUrlHandlerMapping 362 registerHandler - Mapped URL path [/**/favicon.ico] onto handler of type [class org.springframework.web.servlet.resource.ResourceHttpRequestHandler]
2018-01-22 at 14:22:25 CST INFO  org.springframework.boot.autoconfigure.web.WebMvcAutoConfiguration$WelcomePageHandlerMapping 549 <init> - Adding welcome page: class path resource [static/index.html]
2018-01-22 at 14:22:26 CST INFO  org.springframework.jmx.export.MBeanExporter 431 afterSingletonsInstantiated - Registering beans for JMX exposure on startup
2018-01-22 at 14:22:26 CST INFO  org.apache.juli.logging.DirectJDKLog 179 log - Initializing ProtocolHandler ["http-nio-8092"]
2018-01-22 at 14:22:26 CST INFO  org.apache.juli.logging.DirectJDKLog 179 log - Starting ProtocolHandler ["http-nio-8092"]
2018-01-22 at 14:22:26 CST INFO  org.apache.juli.logging.DirectJDKLog 179 log - Using a shared selector for servlet write/read
2018-01-22 at 14:22:26 CST INFO  org.springframework.boot.context.embedded.tomcat.TomcatEmbeddedServletContainer 201 start - Tomcat started on port(s): 8092 (http)
2018-01-22 at 14:22:33 CST INFO  org.apache.juli.logging.DirectJDKLog 179 log - Initializing Spring FrameworkServlet 'dispatcherServlet'
2018-01-22 at 14:22:33 CST INFO  org.springframework.web.servlet.FrameworkServlet 489 initServletBean - FrameworkServlet 'dispatcherServlet': initialization started
2018-01-22 at 14:22:33 CST INFO  org.springframework.web.servlet.FrameworkServlet 508 initServletBean - FrameworkServlet 'dispatcherServlet': initialization completed in 12 ms
2018-01-22 at 14:22:33 CST INFO  org.thymeleaf.TemplateEngine 825 initialize - [THYMELEAF] INITIALIZING TEMPLATE ENGINE
2018-01-22 at 14:22:33 CST INFO  org.thymeleaf.templateresolver.AbstractTemplateResolver 99 initialize - [THYMELEAF] INITIALIZING TEMPLATE RESOLVER: org.thymeleaf.spring4.templateresolver.SpringResourceTemplateResolver
2018-01-22 at 14:22:33 CST INFO  org.thymeleaf.templateresolver.AbstractTemplateResolver 110 initialize - [THYMELEAF] TEMPLATE RESOLVER INITIALIZED OK
2018-01-22 at 14:22:33 CST INFO  org.thymeleaf.messageresolver.AbstractMessageResolver 72 initialize - [THYMELEAF] INITIALIZING MESSAGE RESOLVER: org.thymeleaf.spring4.messageresolver.SpringMessageResolver
2018-01-22 at 14:22:33 CST INFO  org.thymeleaf.messageresolver.AbstractMessageResolver 78 initialize - [THYMELEAF] MESSAGE RESOLVER INITIALIZED OK
2018-01-22 at 14:22:33 CST INFO  org.thymeleaf.ConfigurationPrinterHelper 123 printConfiguration - [THYMELEAF] TEMPLATE ENGINE CONFIGURATION:
[THYMELEAF] * Cache Factory implementation: org.thymeleaf.cache.StandardCacheManager
[THYMELEAF] * Template modes:
[THYMELEAF]     * VALIDXML
[THYMELEAF]     * HTML5
[THYMELEAF]     * LEGACYHTML5
[THYMELEAF]     * XML
[THYMELEAF]     * XHTML
[THYMELEAF]     * VALIDXHTML
[THYMELEAF] * Template resolvers (in order):
[THYMELEAF]     * org.thymeleaf.spring4.templateresolver.SpringResourceTemplateResolver
[THYMELEAF] * Message resolvers (in order):
[THYMELEAF]     * org.thymeleaf.spring4.messageresolver.SpringMessageResolver
[THYMELEAF] * Dialect [1 of 2]: org.thymeleaf.spring4.dialect.SpringStandardDialect
[THYMELEAF]     * Prefix: "th"
[THYMELEAF] * Dialect [2 of 2]: nz.net.ultraq.thymeleaf.LayoutDialect
[THYMELEAF]     * Prefix: "layout"
[THYMELEAF] TEMPLATE ENGINE CONFIGURED OK
2018-01-22 at 14:22:33 CST INFO  org.thymeleaf.TemplateEngine 838 initialize - [THYMELEAF] TEMPLATE ENGINE INITIALIZED
